<?xml version="1.0" encoding="UTF-8"?>
<!-- Generated by org.testng.reporters.JUnitReportReporter -->
<testsuite hostname="PRINHYLTPDL0695" name="locators.LoginPage" tests="1" failures="0" timestamp="23 Jun 2015 07:10:47 GMT" time="86.995" errors="0">
  <testcase name="openbrowser" time="86.995" classname="locators.LoginPage"/>
</testsuite> <!-- locators.LoginPage -->
