<?xml version="1.0" encoding="UTF-8"?>
<!-- Generated by org.testng.reporters.JUnitReportReporter -->
<testsuite hostname="PRINHYLTPDL0695" name="locators.SelectBus" tests="1" failures="0" timestamp="24 Jun 2015 05:18:50 GMT" time="10.831" errors="0">
  <testcase name="Bus" time="10.831" classname="locators.SelectBus"/>
</testsuite> <!-- locators.SelectBus -->
