<?xml version="1.0" encoding="UTF-8"?>
<!-- Generated by org.testng.reporters.JUnitReportReporter -->
<testsuite hostname="PRINHYLTPDL0695" name="locators.Trip" tests="3" failures="0" timestamp="23 Jun 2015 09:08:18 GMT" time="69.648" errors="0">
  <testcase name="enterUserDetails" time="4.655" classname="locators.Trip"/>
  <testcase name="selectBus" time="14.059" classname="locators.Trip"/>
  <testcase name="navHomePage" time="50.934" classname="locators.Trip"/>
</testsuite> <!-- locators.Trip -->
